c:\users\joao_\documents\so2\so2\tp_so2\mappeddll\x64\debug\vc141.pdb
c:\users\joao_\documents\so2\so2\tp_so2\mappeddll\x64\debug\vc141.idb
c:\users\joao_\documents\so2\so2\tp_so2\mappeddll\x64\debug\mappeddll.obj
c:\users\joao_\documents\so2\so2\tp_so2\servidor\x64\debug\mappeddll.dll
c:\users\joao_\documents\so2\so2\tp_so2\servidor\x64\debug\mappeddll.ilk
c:\users\joao_\documents\so2\so2\tp_so2\servidor\x64\debug\mappeddll.pdb
c:\users\joao_\documents\so2\so2\tp_so2\servidor\x64\debug\mappeddll.lib
c:\users\joao_\documents\so2\so2\tp_so2\servidor\x64\debug\mappeddll.exp
c:\users\joao_\documents\so2\so2\tp_so2\mappeddll\x64\debug\mappeddll.tlog\cl.command.1.tlog
c:\users\joao_\documents\so2\so2\tp_so2\mappeddll\x64\debug\mappeddll.tlog\cl.read.1.tlog
c:\users\joao_\documents\so2\so2\tp_so2\mappeddll\x64\debug\mappeddll.tlog\cl.write.1.tlog
c:\users\joao_\documents\so2\so2\tp_so2\mappeddll\x64\debug\mappeddll.tlog\link.11400.delete.1.tlog
c:\users\joao_\documents\so2\so2\tp_so2\mappeddll\x64\debug\mappeddll.tlog\link.12252.delete.1.tlog
c:\users\joao_\documents\so2\so2\tp_so2\mappeddll\x64\debug\mappeddll.tlog\link.12256.delete.1.tlog
c:\users\joao_\documents\so2\so2\tp_so2\mappeddll\x64\debug\mappeddll.tlog\link.13132.delete.1.tlog
c:\users\joao_\documents\so2\so2\tp_so2\mappeddll\x64\debug\mappeddll.tlog\link.16156.delete.1.tlog
c:\users\joao_\documents\so2\so2\tp_so2\mappeddll\x64\debug\mappeddll.tlog\link.2460.delete.1.tlog
c:\users\joao_\documents\so2\so2\tp_so2\mappeddll\x64\debug\mappeddll.tlog\link.4892.delete.1.tlog
c:\users\joao_\documents\so2\so2\tp_so2\mappeddll\x64\debug\mappeddll.tlog\link.5168.delete.1.tlog
c:\users\joao_\documents\so2\so2\tp_so2\mappeddll\x64\debug\mappeddll.tlog\link.9028.delete.1.tlog
c:\users\joao_\documents\so2\so2\tp_so2\mappeddll\x64\debug\mappeddll.tlog\link.command.1.tlog
c:\users\joao_\documents\so2\so2\tp_so2\mappeddll\x64\debug\mappeddll.tlog\link.read.1.tlog
c:\users\joao_\documents\so2\so2\tp_so2\mappeddll\x64\debug\mappeddll.tlog\link.write.1.tlog
c:\users\joao_\documents\so2\so2\tp_so2\mappeddll\x64\debug\mappeddll.tlog\mappeddll.write.1u.tlog
