d:\armazenamento\isec\2º ano\2º semestre\so2\tp_so2_mt2\servidor\debug\servidor.pch
d:\armazenamento\isec\2º ano\2º semestre\so2\tp_so2_mt2\servidor\debug\vc141.pdb
d:\armazenamento\isec\2º ano\2º semestre\so2\tp_so2_mt2\servidor\debug\vc141.idb
d:\armazenamento\isec\2º ano\2º semestre\so2\tp_so2_mt2\servidor\debug\stdafx.obj
d:\armazenamento\isec\2º ano\2º semestre\so2\tp_so2_mt2\servidor\debug\servidor.obj
d:\armazenamento\isec\2º ano\2º semestre\so2\tp_so2_mt2\servidor\debug\servidor.ilk
d:\armazenamento\isec\2º ano\2º semestre\so2\tp_so2_mt2\servidor\debug\servidor.exe
d:\armazenamento\isec\2º ano\2º semestre\so2\tp_so2_mt2\servidor\debug\servidor.pdb
d:\armazenamento\isec\2º ano\2º semestre\so2\tp_so2_mt2\servidor\debug\servidor.res
d:\armazenamento\isec\2º ano\2º semestre\so2\tp_so2_mt2\servidor\debug\cliente.ilk
d:\armazenamento\isec\2º ano\2º semestre\so2\tp_so2_mt2\servidor\debug\gateway.ilk
d:\armazenamento\isec\2º ano\2º semestre\so2\tp_so2_mt2\servidor\debug\mappeddll.ilk
d:\armazenamento\isec\2º ano\2º semestre\so2\tp_so2_mt2\servidor\debug\mappeddll.exp
d:\armazenamento\isec\2º ano\2º semestre\so2\tp_so2_mt2\servidor\debug\cliente.pdb
d:\armazenamento\isec\2º ano\2º semestre\so2\tp_so2_mt2\servidor\debug\gateway.pdb
d:\armazenamento\isec\2º ano\2º semestre\so2\tp_so2_mt2\servidor\debug\mappeddll.pdb
d:\armazenamento\isec\2º ano\2º semestre\so2\tp_so2_mt2\servidor\debug\servidor.tlog\cl.command.1.tlog
d:\armazenamento\isec\2º ano\2º semestre\so2\tp_so2_mt2\servidor\debug\servidor.tlog\cl.read.1.tlog
d:\armazenamento\isec\2º ano\2º semestre\so2\tp_so2_mt2\servidor\debug\servidor.tlog\cl.write.1.tlog
d:\armazenamento\isec\2º ano\2º semestre\so2\tp_so2_mt2\servidor\debug\servidor.tlog\link.command.1.tlog
d:\armazenamento\isec\2º ano\2º semestre\so2\tp_so2_mt2\servidor\debug\servidor.tlog\link.read.1.tlog
d:\armazenamento\isec\2º ano\2º semestre\so2\tp_so2_mt2\servidor\debug\servidor.tlog\link.write.1.tlog
d:\armazenamento\isec\2º ano\2º semestre\so2\tp_so2_mt2\servidor\debug\servidor.tlog\rc.command.1.tlog
d:\armazenamento\isec\2º ano\2º semestre\so2\tp_so2_mt2\servidor\debug\servidor.tlog\rc.read.1.tlog
d:\armazenamento\isec\2º ano\2º semestre\so2\tp_so2_mt2\servidor\debug\servidor.tlog\rc.write.1.tlog
